<?xml version="1.0" encoding="UTF-8"?>
<coverage generated="1680258203143" clover="3.2.0">
  <project timestamp="1680258203143" name="All files">
    <metrics statements="36" coveredstatements="34" conditionals="13" coveredconditionals="11" methods="5" coveredmethods="5" elements="54" coveredelements="50" complexity="0" loc="36" ncloc="36" packages="1" files="4" classes="4"/>
    <file name="circular.ts" path="/Users/axons.support/Documents/project/unit-test-101/jest/circular.ts">
      <metrics statements="20" coveredstatements="18" conditionals="5" coveredconditionals="3" methods="2" coveredmethods="2"/>
      <line num="1" count="1" type="stmt"/>
      <line num="2" count="1" type="stmt"/>
      <line num="3" count="1" type="stmt"/>
      <line num="4" count="1" type="stmt"/>
      <line num="6" count="1" type="stmt"/>
      <line num="7" count="7" type="cond" truecount="1" falsecount="0"/>
      <line num="8" count="2" type="cond" truecount="1" falsecount="0"/>
      <line num="9" count="1" type="stmt"/>
      <line num="10" count="1" type="cond" truecount="0" falsecount="1"/>
      <line num="11" count="0" type="stmt"/>
      <line num="15" count="7" type="stmt"/>
      <line num="16" count="7" type="stmt"/>
      <line num="17" count="7" type="cond" truecount="1" falsecount="0"/>
      <line num="18" count="1" type="stmt"/>
      <line num="21" count="1" type="stmt"/>
      <line num="22" count="2" type="stmt"/>
      <line num="23" count="2" type="stmt"/>
      <line num="24" count="2" type="cond" truecount="0" falsecount="1"/>
      <line num="25" count="0" type="stmt"/>
      <line num="27" count="2" type="stmt"/>
    </file>
    <file name="cloth_sale.ts" path="/Users/axons.support/Documents/project/unit-test-101/jest/cloth_sale.ts">
      <metrics statements="6" coveredstatements="6" conditionals="0" coveredconditionals="0" methods="1" coveredmethods="1"/>
      <line num="1" count="1" type="stmt"/>
      <line num="3" count="1" type="stmt"/>
      <line num="8" count="1" type="stmt"/>
      <line num="13" count="1" type="stmt"/>
      <line num="14" count="1" type="stmt"/>
      <line num="24" count="1" type="stmt"/>
    </file>
    <file name="fizzbuzz.ts" path="/Users/axons.support/Documents/project/unit-test-101/jest/fizzbuzz.ts">
      <metrics statements="8" coveredstatements="8" conditionals="8" coveredconditionals="8" methods="1" coveredmethods="1"/>
      <line num="1" count="1" type="stmt"/>
      <line num="2" count="30" type="cond" truecount="4" falsecount="0"/>
      <line num="3" count="8" type="stmt"/>
      <line num="4" count="22" type="cond" truecount="2" falsecount="0"/>
      <line num="5" count="7" type="stmt"/>
      <line num="6" count="15" type="cond" truecount="2" falsecount="0"/>
      <line num="7" count="7" type="stmt"/>
      <line num="9" count="8" type="stmt"/>
    </file>
    <file name="sum.ts" path="/Users/axons.support/Documents/project/unit-test-101/jest/sum.ts">
      <metrics statements="2" coveredstatements="2" conditionals="0" coveredconditionals="0" methods="1" coveredmethods="1"/>
      <line num="1" count="1" type="stmt"/>
      <line num="2" count="2" type="stmt"/>
    </file>
  </project>
</coverage>
