TN:
SF:circular.ts
FN:6,(anonymous_0)
FN:21,(anonymous_1)
FNF:2
FNH:2
FNDA:7,(anonymous_0)
FNDA:2,(anonymous_1)
DA:1,1
DA:2,1
DA:3,1
DA:4,1
DA:6,1
DA:7,7
DA:8,2
DA:9,1
DA:10,1
DA:11,0
DA:15,7
DA:16,7
DA:17,7
DA:18,1
DA:21,1
DA:22,2
DA:23,2
DA:24,2
DA:25,0
DA:27,2
LF:20
LH:18
BRDA:7,0,0,2
BRDA:8,1,0,1
BRDA:10,2,0,0
BRDA:17,3,0,1
BRDA:24,4,0,0
BRF:5
BRH:3
end_of_record
TN:
SF:cloth_sale.ts
FN:3,Sale_Cloth
FNF:1
FNH:1
FNDA:1,Sale_Cloth
DA:1,1
DA:3,1
DA:8,1
DA:13,1
DA:14,1
DA:24,1
LF:6
LH:6
BRF:0
BRH:0
end_of_record
TN:
SF:fizzbuzz.ts
FN:1,Say
FNF:1
FNH:1
FNDA:30,Say
DA:1,1
DA:2,30
DA:3,8
DA:4,22
DA:5,7
DA:6,15
DA:7,7
DA:9,8
LF:8
LH:8
BRDA:2,0,0,8
BRDA:2,0,1,22
BRDA:2,1,0,30
BRDA:2,1,1,15
BRDA:4,2,0,7
BRDA:4,2,1,15
BRDA:6,3,0,7
BRDA:6,3,1,8
BRF:8
BRH:8
end_of_record
TN:
SF:sum.ts
FN:1,sum
FNF:1
FNH:1
FNDA:2,sum
DA:1,1
DA:2,2
LF:2
LH:2
BRF:0
BRH:0
end_of_record
